0	1	mikroCARM.exe -MSF -DBG -pSTM32F407ZG -RA -BIN -LHF -DL -SSA -O11111114 -fo120 -N"C:\Users\User\Desktop\alta_2_compressor_display\Controller_Code\mikroC PRO for ARM\Controller.mcpar" -SP"E:\mikroC\mikroC PRO for ARM\Defs\" -SP"E:\mikroC\mikroC PRO for ARM\Uses\" -SP"C:\Users\User\Desktop\alta_2_compressor_display\Controller_Code\mikroC PRO for ARM\" -SP"C:\Users\User\Desktop\Display_2_compressor\ALTAL_TFT\Controller_Code\mikroC PRO for ARM\" -SP"C:\Users\User\Desktop\GIT_ALTAL\ALTAL_TFT\Controller_Code\mikroC PRO for ARM\" -SP"E:\mikroC\mikroC PRO for ARM\Uses\ST M4\" -IP"C:\Users\User\Desktop\GIT_ALTAL\ALTAL_TFT\Controller_Code\mikroC PRO for ARM\" -IP"C:\Users\User\Desktop\Display_2_compressor\ALTAL_TFT\Controller_Code\mikroC PRO for ARM\" -IP"C:\Users\User\Desktop\alta_2_compressor_display\Controller_Code\mikroC PRO for ARM\" "Controller_main.c" "Controller_events_code.c" "Controller_driver.c" "Controller_resources.c" "modbus.c" "Systick.c" "InternalRTC.c" "DataConvertor.c" "Pages.c" "Gauge.c" "Errors.c" "__Lib_Math.emcl" "__Lib_MathDouble.emcl" "__Lib_Delays.emcl" "__Lib_System_4XX.emcl" "__Lib_GPIO_32F4xx_Defs.emcl" "__Lib_GPIO_32F4xx.emcl" "__Lib_CType.emcl" "__Lib_CString.emcl" "__Lib_CStdlib.emcl" "__Lib_CMath.emcl" "__Lib_Conversions.emcl" "__Lib_Sound.emcl" "__Lib_I2C_123.emcl" "__Lib_SPI_123.emcl" "__Lib_UART_123_45_6.emcl" "__Lib_SDIO.emcl" "__Lib_Mmc_SDIO.emcl" "__Lib_MmcFat16.emcl" "__Lib_MmcFat16Constants.emcl" "__Lib_TFT.emcl" "__Lib_TFT_Defs.emcl" "__Lib_TouchPanel_TFT.emcl" "__Lib_TouchPanel.emcl" "__Lib_STMPE610.emcl"	 
diagnostics: 0	122	Compilation Started	STM32F407ZG.c
diagnostics: 58983	123	Compiled Successfully	STM32F407ZG.c
diagnostics: 0	122	Compilation Started	__Lib_Delays.c
diagnostics: 119	123	Compiled Successfully	__Lib_Delays.c
hint: 66	1164	Variable 'cycles_div_by_10' has been eliminated by optimizer	__Lib_Delays.c
hint: 88	1164	Variable 'NumberOfCyc' has been eliminated by optimizer	__Lib_Delays.c
hint: 105	1164	Variable 'NumberOfCyc' has been eliminated by optimizer	__Lib_Delays.c
diagnostics: 0	122	Compilation Started	__lib_gpio.h
diagnostics: 870	123	Compiled Successfully	__Lib_GPIO_32F4xx_Defs.c
diagnostics: 0	122	Compilation Started	__Lib_MmcFat16Constants.c
diagnostics: 73	123	Compiled Successfully	__Lib_MmcFat16Constants.c
diagnostics: 0	122	Compilation Started	__Lib_TFT_Defs.c
warning: 94	1508	Implicit conversion of int to ptr	__Lib_TFT_Defs.c
warning: 106	1508	Implicit conversion of int to ptr	__Lib_TFT_Defs.c
warning: 118	1508	Implicit conversion of int to ptr	__Lib_TFT_Defs.c
warning: 130	1508	Implicit conversion of int to ptr	__Lib_TFT_Defs.c
warning: 139	1508	Implicit conversion of int to ptr	__Lib_TFT_Defs.c
warning: 156	1508	Implicit conversion of int to ptr	__Lib_TFT_Defs.c
diagnostics: 3179	123	Compiled Successfully	__Lib_TFT_Defs.c
hint: 44	1164	Variable 'temp' has been eliminated by optimizer	__Lib_TFT_Defs.c
diagnostics: 0	122	Compilation Started	controller_objects.h
hint: 0	1004	interrupt handler (Timer2_interrupt at 0x002C)	Controller_main.c
hint: 0	1004	interrupt handler (USARTINTERRUPT at 0x0036)	Controller_main.c
hint: 207	1354	argument may be out of range [adressRegSend]	Controller_main.c
hint: 207	1354	argument may be out of range [?T50]	Controller_main.c
diagnostics: 242	123	Compiled Successfully	Controller_main.c
diagnostics: 0	122	Compilation Started	controller_objects.h
hint: 110	1163	Variable 'lastDataDhw' has been declared, but not used	Controller_events_code.c
hint: 111	1163	Variable 'convert_temp' has been declared, but not used	Controller_events_code.c
hint: 113	1163	Variable 'txt' has been declared, but not used	Controller_events_code.c
warning: 166	1508	Implicit conversion of int to ptr	Controller_events_code.c
warning: 176	1508	Implicit conversion of int to ptr	Controller_events_code.c
warning: 2643	1508	Implicit conversion of int to ptr	Controller_events_code.c
warning: 2649	1508	Implicit conversion of int to ptr	Controller_events_code.c
warning: 2661	1508	Implicit conversion of int to ptr	Controller_events_code.c
warning: 2667	1508	Implicit conversion of int to ptr	Controller_events_code.c
warning: 3014	1508	Implicit conversion of int to ptr	Controller_events_code.c
warning: 3020	1508	Implicit conversion of int to ptr	Controller_events_code.c
diagnostics: 3313	123	Compiled Successfully	Controller_events_code.c
hint: 970	1164	Variable 'res' has been eliminated by optimizer	Controller_events_code.c
hint: 984	1164	Variable 'res' has been eliminated by optimizer	Controller_events_code.c
diagnostics: 0	122	Compilation Started	controller_objects.h
warning: 2055	1506	Implicit conversion of pointer to int	Controller_driver.c
warning: 2055	1506	Implicit conversion of pointer to int	Controller_driver.c
warning: 2055	1506	Implicit conversion of pointer to int	Controller_driver.c
warning: 2055	1506	Implicit conversion of pointer to int	Controller_driver.c
warning: 2055	1506	Implicit conversion of pointer to int	Controller_driver.c
warning: 5051	1508	Implicit conversion of int to ptr	Controller_driver.c
warning: 5185	1508	Implicit conversion of int to ptr	Controller_driver.c
warning: 5225	1508	Implicit conversion of int to ptr	Controller_driver.c
warning: 5241	1508	Implicit conversion of int to ptr	Controller_driver.c
warning: 5257	1508	Implicit conversion of int to ptr	Controller_driver.c
warning: 5273	1508	Implicit conversion of int to ptr	Controller_driver.c
warning: 5295	1508	Implicit conversion of int to ptr	Controller_driver.c
warning: 5320	1508	Implicit conversion of int to ptr	Controller_driver.c
warning: 5337	1508	Implicit conversion of int to ptr	Controller_driver.c
warning: 5354	1508	Implicit conversion of int to ptr	Controller_driver.c
warning: 5371	1508	Implicit conversion of int to ptr	Controller_driver.c
warning: 5388	1508	Implicit conversion of int to ptr	Controller_driver.c
warning: 5420	1508	Implicit conversion of int to ptr	Controller_driver.c
warning: 5494	1508	Implicit conversion of int to ptr	Controller_driver.c
warning: 5524	1508	Implicit conversion of int to ptr	Controller_driver.c
warning: 5603	1508	Implicit conversion of int to ptr	Controller_driver.c
warning: 5620	1508	Implicit conversion of int to ptr	Controller_driver.c
warning: 5642	1508	Implicit conversion of int to ptr	Controller_driver.c
warning: 5666	1508	Implicit conversion of int to ptr	Controller_driver.c
warning: 5688	1508	Implicit conversion of int to ptr	Controller_driver.c
warning: 5712	1508	Implicit conversion of int to ptr	Controller_driver.c
warning: 5728	1508	Implicit conversion of int to ptr	Controller_driver.c
warning: 5744	1508	Implicit conversion of int to ptr	Controller_driver.c
warning: 5760	1508	Implicit conversion of int to ptr	Controller_driver.c
warning: 5776	1508	Implicit conversion of int to ptr	Controller_driver.c
warning: 5792	1508	Implicit conversion of int to ptr	Controller_driver.c
warning: 5808	1508	Implicit conversion of int to ptr	Controller_driver.c
warning: 5825	1508	Implicit conversion of int to ptr	Controller_driver.c
warning: 5841	1508	Implicit conversion of int to ptr	Controller_driver.c
warning: 5857	1508	Implicit conversion of int to ptr	Controller_driver.c
warning: 5874	1508	Implicit conversion of int to ptr	Controller_driver.c
warning: 5891	1508	Implicit conversion of int to ptr	Controller_driver.c
warning: 5908	1508	Implicit conversion of int to ptr	Controller_driver.c
warning: 5925	1508	Implicit conversion of int to ptr	Controller_driver.c
warning: 5942	1508	Implicit conversion of int to ptr	Controller_driver.c
warning: 5959	1508	Implicit conversion of int to ptr	Controller_driver.c
warning: 5976	1508	Implicit conversion of int to ptr	Controller_driver.c
warning: 5992	1508	Implicit conversion of int to ptr	Controller_driver.c
warning: 6008	1508	Implicit conversion of int to ptr	Controller_driver.c
warning: 6024	1508	Implicit conversion of int to ptr	Controller_driver.c
warning: 6040	1508	Implicit conversion of int to ptr	Controller_driver.c
warning: 6056	1508	Implicit conversion of int to ptr	Controller_driver.c
warning: 6072	1508	Implicit conversion of int to ptr	Controller_driver.c
warning: 6088	1508	Implicit conversion of int to ptr	Controller_driver.c
warning: 6110	1508	Implicit conversion of int to ptr	Controller_driver.c
warning: 6140	1508	Implicit conversion of int to ptr	Controller_driver.c
warning: 6170	1508	Implicit conversion of int to ptr	Controller_driver.c
warning: 6200	1508	Implicit conversion of int to ptr	Controller_driver.c
warning: 6230	1508	Implicit conversion of int to ptr	Controller_driver.c
warning: 6260	1508	Implicit conversion of int to ptr	Controller_driver.c
warning: 6284	1508	Implicit conversion of int to ptr	Controller_driver.c
warning: 6300	1508	Implicit conversion of int to ptr	Controller_driver.c
warning: 6316	1508	Implicit conversion of int to ptr	Controller_driver.c
warning: 6332	1508	Implicit conversion of int to ptr	Controller_driver.c
warning: 6348	1508	Implicit conversion of int to ptr	Controller_driver.c
warning: 6364	1508	Implicit conversion of int to ptr	Controller_driver.c
warning: 6380	1508	Implicit conversion of int to ptr	Controller_driver.c
warning: 6421	1508	Implicit conversion of int to ptr	Controller_driver.c
warning: 6462	1508	Implicit conversion of int to ptr	Controller_driver.c
warning: 6503	1508	Implicit conversion of int to ptr	Controller_driver.c
warning: 6544	1508	Implicit conversion of int to ptr	Controller_driver.c
warning: 6585	1508	Implicit conversion of int to ptr	Controller_driver.c
warning: 6626	1508	Implicit conversion of int to ptr	Controller_driver.c
warning: 6667	1508	Implicit conversion of int to ptr	Controller_driver.c
warning: 6708	1508	Implicit conversion of int to ptr	Controller_driver.c
warning: 6724	1508	Implicit conversion of int to ptr	Controller_driver.c
warning: 6740	1508	Implicit conversion of int to ptr	Controller_driver.c
warning: 6756	1508	Implicit conversion of int to ptr	Controller_driver.c
warning: 6772	1508	Implicit conversion of int to ptr	Controller_driver.c
warning: 6788	1508	Implicit conversion of int to ptr	Controller_driver.c
warning: 6804	1508	Implicit conversion of int to ptr	Controller_driver.c
warning: 6820	1508	Implicit conversion of int to ptr	Controller_driver.c
warning: 6836	1508	Implicit conversion of int to ptr	Controller_driver.c
warning: 6852	1508	Implicit conversion of int to ptr	Controller_driver.c
warning: 6868	1508	Implicit conversion of int to ptr	Controller_driver.c
warning: 6884	1508	Implicit conversion of int to ptr	Controller_driver.c
warning: 6900	1508	Implicit conversion of int to ptr	Controller_driver.c
warning: 6917	1508	Implicit conversion of int to ptr	Controller_driver.c
warning: 6934	1508	Implicit conversion of int to ptr	Controller_driver.c
warning: 6951	1508	Implicit conversion of int to ptr	Controller_driver.c
warning: 6968	1508	Implicit conversion of int to ptr	Controller_driver.c
warning: 6985	1508	Implicit conversion of int to ptr	Controller_driver.c
warning: 7002	1508	Implicit conversion of int to ptr	Controller_driver.c
warning: 7019	1508	Implicit conversion of int to ptr	Controller_driver.c
warning: 7036	1508	Implicit conversion of int to ptr	Controller_driver.c
warning: 7053	1508	Implicit conversion of int to ptr	Controller_driver.c
warning: 7070	1508	Implicit conversion of int to ptr	Controller_driver.c
warning: 7087	1508	Implicit conversion of int to ptr	Controller_driver.c
warning: 7103	1508	Implicit conversion of int to ptr	Controller_driver.c
warning: 7119	1508	Implicit conversion of int to ptr	Controller_driver.c
warning: 7135	1508	Implicit conversion of int to ptr	Controller_driver.c
warning: 7151	1508	Implicit conversion of int to ptr	Controller_driver.c
warning: 7167	1508	Implicit conversion of int to ptr	Controller_driver.c
warning: 7183	1508	Implicit conversion of int to ptr	Controller_driver.c
warning: 7199	1508	Implicit conversion of int to ptr	Controller_driver.c
warning: 7215	1508	Implicit conversion of int to ptr	Controller_driver.c
warning: 7231	1508	Implicit conversion of int to ptr	Controller_driver.c
warning: 7247	1508	Implicit conversion of int to ptr	Controller_driver.c
warning: 7263	1508	Implicit conversion of int to ptr	Controller_driver.c
warning: 7285	1508	Implicit conversion of int to ptr	Controller_driver.c
warning: 7309	1508	Implicit conversion of int to ptr	Controller_driver.c
warning: 7325	1508	Implicit conversion of int to ptr	Controller_driver.c
warning: 7342	1508	Implicit conversion of int to ptr	Controller_driver.c
warning: 7359	1508	Implicit conversion of int to ptr	Controller_driver.c
warning: 7376	1508	Implicit conversion of int to ptr	Controller_driver.c
warning: 7392	1508	Implicit conversion of int to ptr	Controller_driver.c
warning: 7408	1508	Implicit conversion of int to ptr	Controller_driver.c
warning: 7430	1508	Implicit conversion of int to ptr	Controller_driver.c
warning: 7460	1508	Implicit conversion of int to ptr	Controller_driver.c
warning: 7487	1508	Implicit conversion of int to ptr	Controller_driver.c
warning: 7514	1508	Implicit conversion of int to ptr	Controller_driver.c
warning: 7531	1508	Implicit conversion of int to ptr	Controller_driver.c
warning: 7553	1508	Implicit conversion of int to ptr	Controller_driver.c
warning: 7583	1508	Implicit conversion of int to ptr	Controller_driver.c
warning: 7613	1508	Implicit conversion of int to ptr	Controller_driver.c
warning: 7643	1508	Implicit conversion of int to ptr	Controller_driver.c
warning: 7673	1508	Implicit conversion of int to ptr	Controller_driver.c
warning: 7702	1508	Implicit conversion of int to ptr	Controller_driver.c
warning: 7731	1508	Implicit conversion of int to ptr	Controller_driver.c
warning: 7755	1508	Implicit conversion of int to ptr	Controller_driver.c
warning: 7777	1508	Implicit conversion of int to ptr	Controller_driver.c
warning: 7807	1508	Implicit conversion of int to ptr	Controller_driver.c
warning: 7837	1508	Implicit conversion of int to ptr	Controller_driver.c
warning: 7867	1508	Implicit conversion of int to ptr	Controller_driver.c
warning: 7897	1508	Implicit conversion of int to ptr	Controller_driver.c
warning: 7927	1508	Implicit conversion of int to ptr	Controller_driver.c
warning: 7957	1508	Implicit conversion of int to ptr	Controller_driver.c
warning: 7987	1508	Implicit conversion of int to ptr	Controller_driver.c
warning: 8017	1508	Implicit conversion of int to ptr	Controller_driver.c
warning: 8047	1508	Implicit conversion of int to ptr	Controller_driver.c
warning: 8077	1508	Implicit conversion of int to ptr	Controller_driver.c
warning: 8107	1508	Implicit conversion of int to ptr	Controller_driver.c
warning: 8137	1508	Implicit conversion of int to ptr	Controller_driver.c
warning: 8167	1508	Implicit conversion of int to ptr	Controller_driver.c
warning: 8197	1508	Implicit conversion of int to ptr	Controller_driver.c
warning: 8227	1508	Implicit conversion of int to ptr	Controller_driver.c
warning: 8257	1508	Implicit conversion of int to ptr	Controller_driver.c
warning: 8287	1508	Implicit conversion of int to ptr	Controller_driver.c
warning: 8317	1508	Implicit conversion of int to ptr	Controller_driver.c
warning: 8347	1508	Implicit conversion of int to ptr	Controller_driver.c
warning: 8377	1508	Implicit conversion of int to ptr	Controller_driver.c
warning: 8407	1508	Implicit conversion of int to ptr	Controller_driver.c
warning: 8437	1508	Implicit conversion of int to ptr	Controller_driver.c
warning: 8467	1508	Implicit conversion of int to ptr	Controller_driver.c
warning: 8497	1508	Implicit conversion of int to ptr	Controller_driver.c
warning: 8527	1508	Implicit conversion of int to ptr	Controller_driver.c
warning: 8557	1508	Implicit conversion of int to ptr	Controller_driver.c
warning: 8587	1508	Implicit conversion of int to ptr	Controller_driver.c
warning: 8617	1508	Implicit conversion of int to ptr	Controller_driver.c
warning: 8647	1508	Implicit conversion of int to ptr	Controller_driver.c
warning: 8677	1508	Implicit conversion of int to ptr	Controller_driver.c
warning: 8707	1508	Implicit conversion of int to ptr	Controller_driver.c
warning: 8737	1508	Implicit conversion of int to ptr	Controller_driver.c
warning: 8767	1508	Implicit conversion of int to ptr	Controller_driver.c
warning: 8797	1508	Implicit conversion of int to ptr	Controller_driver.c
warning: 8827	1508	Implicit conversion of int to ptr	Controller_driver.c
warning: 8857	1508	Implicit conversion of int to ptr	Controller_driver.c
warning: 8887	1508	Implicit conversion of int to ptr	Controller_driver.c
warning: 8917	1508	Implicit conversion of int to ptr	Controller_driver.c
warning: 8965	1508	Implicit conversion of int to ptr	Controller_driver.c
warning: 9005	1508	Implicit conversion of int to ptr	Controller_driver.c
warning: 9022	1508	Implicit conversion of int to ptr	Controller_driver.c
warning: 9044	1508	Implicit conversion of int to ptr	Controller_driver.c
warning: 9074	1508	Implicit conversion of int to ptr	Controller_driver.c
warning: 9104	1508	Implicit conversion of int to ptr	Controller_driver.c
warning: 9134	1508	Implicit conversion of int to ptr	Controller_driver.c
warning: 9164	1508	Implicit conversion of int to ptr	Controller_driver.c
warning: 9194	1508	Implicit conversion of int to ptr	Controller_driver.c
warning: 9218	1508	Implicit conversion of int to ptr	Controller_driver.c
warning: 9240	1508	Implicit conversion of int to ptr	Controller_driver.c
warning: 9269	1508	Implicit conversion of int to ptr	Controller_driver.c
warning: 9293	1508	Implicit conversion of int to ptr	Controller_driver.c
warning: 9315	1508	Implicit conversion of int to ptr	Controller_driver.c
warning: 9344	1508	Implicit conversion of int to ptr	Controller_driver.c
warning: 9368	1508	Implicit conversion of int to ptr	Controller_driver.c
warning: 9390	1508	Implicit conversion of int to ptr	Controller_driver.c
warning: 9414	1508	Implicit conversion of int to ptr	Controller_driver.c
warning: 9431	1508	Implicit conversion of int to ptr	Controller_driver.c
warning: 9448	1508	Implicit conversion of int to ptr	Controller_driver.c
warning: 9465	1508	Implicit conversion of int to ptr	Controller_driver.c
warning: 9482	1508	Implicit conversion of int to ptr	Controller_driver.c
warning: 9504	1508	Implicit conversion of int to ptr	Controller_driver.c
warning: 9533	1508	Implicit conversion of int to ptr	Controller_driver.c
warning: 9562	1508	Implicit conversion of int to ptr	Controller_driver.c
warning: 9591	1508	Implicit conversion of int to ptr	Controller_driver.c
warning: 9615	1508	Implicit conversion of int to ptr	Controller_driver.c
warning: 9632	1508	Implicit conversion of int to ptr	Controller_driver.c
warning: 9654	1508	Implicit conversion of int to ptr	Controller_driver.c
warning: 9683	1508	Implicit conversion of int to ptr	Controller_driver.c
warning: 9722	1508	Implicit conversion of int to ptr	Controller_driver.c
warning: 9751	1508	Implicit conversion of int to ptr	Controller_driver.c
warning: 9775	1508	Implicit conversion of int to ptr	Controller_driver.c
warning: 9792	1508	Implicit conversion of int to ptr	Controller_driver.c
warning: 9814	1508	Implicit conversion of int to ptr	Controller_driver.c
warning: 9843	1508	Implicit conversion of int to ptr	Controller_driver.c
warning: 9867	1508	Implicit conversion of int to ptr	Controller_driver.c
warning: 9889	1508	Implicit conversion of int to ptr	Controller_driver.c
warning: 9918	1508	Implicit conversion of int to ptr	Controller_driver.c
warning: 9947	1508	Implicit conversion of int to ptr	Controller_driver.c
warning: 9976	1508	Implicit conversion of int to ptr	Controller_driver.c
warning: 10000	1508	Implicit conversion of int to ptr	Controller_driver.c
warning: 10017	1508	Implicit conversion of int to ptr	Controller_driver.c
warning: 10039	1508	Implicit conversion of int to ptr	Controller_driver.c
warning: 10063	1508	Implicit conversion of int to ptr	Controller_driver.c
warning: 10085	1508	Implicit conversion of int to ptr	Controller_driver.c
warning: 10115	1508	Implicit conversion of int to ptr	Controller_driver.c
warning: 10139	1508	Implicit conversion of int to ptr	Controller_driver.c
warning: 10156	1508	Implicit conversion of int to ptr	Controller_driver.c
warning: 10173	1508	Implicit conversion of int to ptr	Controller_driver.c
warning: 10190	1508	Implicit conversion of int to ptr	Controller_driver.c
warning: 10207	1508	Implicit conversion of int to ptr	Controller_driver.c
warning: 10229	1508	Implicit conversion of int to ptr	Controller_driver.c
warning: 10259	1508	Implicit conversion of int to ptr	Controller_driver.c
warning: 10283	1508	Implicit conversion of int to ptr	Controller_driver.c
warning: 10300	1508	Implicit conversion of int to ptr	Controller_driver.c
warning: 10322	1508	Implicit conversion of int to ptr	Controller_driver.c
warning: 10347	1508	Implicit conversion of int to ptr	Controller_driver.c
warning: 10369	1508	Implicit conversion of int to ptr	Controller_driver.c
warning: 10399	1508	Implicit conversion of int to ptr	Controller_driver.c
warning: 10423	1508	Implicit conversion of int to ptr	Controller_driver.c
warning: 10439	1508	Implicit conversion of int to ptr	Controller_driver.c
warning: 10455	1508	Implicit conversion of int to ptr	Controller_driver.c
warning: 10482	1508	Implicit conversion of int to ptr	Controller_driver.c
warning: 10508	1508	Implicit conversion of int to ptr	Controller_driver.c
warning: 10530	1508	Implicit conversion of int to ptr	Controller_driver.c
warning: 10560	1508	Implicit conversion of int to ptr	Controller_driver.c
warning: 10589	1508	Implicit conversion of int to ptr	Controller_driver.c
warning: 10612	1508	Implicit conversion of int to ptr	Controller_driver.c
warning: 10628	1508	Implicit conversion of int to ptr	Controller_driver.c
warning: 10645	1508	Implicit conversion of int to ptr	Controller_driver.c
warning: 10662	1508	Implicit conversion of int to ptr	Controller_driver.c
warning: 10679	1508	Implicit conversion of int to ptr	Controller_driver.c
warning: 10696	1508	Implicit conversion of int to ptr	Controller_driver.c
warning: 10713	1508	Implicit conversion of int to ptr	Controller_driver.c
warning: 10730	1508	Implicit conversion of int to ptr	Controller_driver.c
warning: 10747	1508	Implicit conversion of int to ptr	Controller_driver.c
warning: 10764	1508	Implicit conversion of int to ptr	Controller_driver.c
warning: 10780	1508	Implicit conversion of int to ptr	Controller_driver.c
warning: 10796	1508	Implicit conversion of int to ptr	Controller_driver.c
warning: 10812	1508	Implicit conversion of int to ptr	Controller_driver.c
warning: 10828	1508	Implicit conversion of int to ptr	Controller_driver.c
warning: 10845	1508	Implicit conversion of int to ptr	Controller_driver.c
warning: 10867	1508	Implicit conversion of int to ptr	Controller_driver.c
warning: 10890	1508	Implicit conversion of int to ptr	Controller_driver.c
warning: 10906	1508	Implicit conversion of int to ptr	Controller_driver.c
warning: 10922	1508	Implicit conversion of int to ptr	Controller_driver.c
warning: 10938	1508	Implicit conversion of int to ptr	Controller_driver.c
warning: 10954	1508	Implicit conversion of int to ptr	Controller_driver.c
warning: 10970	1508	Implicit conversion of int to ptr	Controller_driver.c
warning: 10986	1508	Implicit conversion of int to ptr	Controller_driver.c
warning: 11002	1508	Implicit conversion of int to ptr	Controller_driver.c
warning: 11018	1508	Implicit conversion of int to ptr	Controller_driver.c
warning: 11034	1508	Implicit conversion of int to ptr	Controller_driver.c
warning: 11050	1508	Implicit conversion of int to ptr	Controller_driver.c
warning: 11066	1508	Implicit conversion of int to ptr	Controller_driver.c
warning: 11088	1508	Implicit conversion of int to ptr	Controller_driver.c
warning: 11118	1508	Implicit conversion of int to ptr	Controller_driver.c
warning: 11142	1508	Implicit conversion of int to ptr	Controller_driver.c
warning: 11158	1508	Implicit conversion of int to ptr	Controller_driver.c
warning: 11174	1508	Implicit conversion of int to ptr	Controller_driver.c
warning: 11190	1508	Implicit conversion of int to ptr	Controller_driver.c
warning: 11206	1508	Implicit conversion of int to ptr	Controller_driver.c
warning: 11222	1508	Implicit conversion of int to ptr	Controller_driver.c
warning: 11238	1508	Implicit conversion of int to ptr	Controller_driver.c
warning: 11254	1508	Implicit conversion of int to ptr	Controller_driver.c
warning: 11270	1508	Implicit conversion of int to ptr	Controller_driver.c
warning: 11286	1508	Implicit conversion of int to ptr	Controller_driver.c
warning: 11302	1508	Implicit conversion of int to ptr	Controller_driver.c
warning: 11318	1508	Implicit conversion of int to ptr	Controller_driver.c
warning: 11334	1508	Implicit conversion of int to ptr	Controller_driver.c
warning: 11350	1508	Implicit conversion of int to ptr	Controller_driver.c
warning: 11366	1508	Implicit conversion of int to ptr	Controller_driver.c
warning: 11382	1508	Implicit conversion of int to ptr	Controller_driver.c
warning: 11398	1508	Implicit conversion of int to ptr	Controller_driver.c
warning: 11414	1508	Implicit conversion of int to ptr	Controller_driver.c
warning: 11430	1508	Implicit conversion of int to ptr	Controller_driver.c
warning: 11515	1508	Implicit conversion of int to ptr	Controller_driver.c
warning: 11531	1508	Implicit conversion of int to ptr	Controller_driver.c
warning: 11547	1508	Implicit conversion of int to ptr	Controller_driver.c
warning: 11563	1508	Implicit conversion of int to ptr	Controller_driver.c
warning: 11579	1508	Implicit conversion of int to ptr	Controller_driver.c
warning: 11595	1508	Implicit conversion of int to ptr	Controller_driver.c
warning: 11611	1508	Implicit conversion of int to ptr	Controller_driver.c
warning: 11627	1508	Implicit conversion of int to ptr	Controller_driver.c
warning: 11643	1508	Implicit conversion of int to ptr	Controller_driver.c
warning: 11659	1508	Implicit conversion of int to ptr	Controller_driver.c
warning: 11675	1508	Implicit conversion of int to ptr	Controller_driver.c
warning: 11691	1508	Implicit conversion of int to ptr	Controller_driver.c
warning: 11708	1508	Implicit conversion of int to ptr	Controller_driver.c
warning: 11730	1508	Implicit conversion of int to ptr	Controller_driver.c
warning: 11760	1508	Implicit conversion of int to ptr	Controller_driver.c
warning: 11784	1508	Implicit conversion of int to ptr	Controller_driver.c
warning: 11800	1508	Implicit conversion of int to ptr	Controller_driver.c
warning: 11816	1508	Implicit conversion of int to ptr	Controller_driver.c
warning: 11832	1508	Implicit conversion of int to ptr	Controller_driver.c
warning: 11848	1508	Implicit conversion of int to ptr	Controller_driver.c
warning: 11864	1508	Implicit conversion of int to ptr	Controller_driver.c
warning: 11886	1508	Implicit conversion of int to ptr	Controller_driver.c
warning: 11916	1508	Implicit conversion of int to ptr	Controller_driver.c
warning: 11946	1508	Implicit conversion of int to ptr	Controller_driver.c
warning: 11976	1508	Implicit conversion of int to ptr	Controller_driver.c
warning: 12006	1508	Implicit conversion of int to ptr	Controller_driver.c
warning: 12036	1508	Implicit conversion of int to ptr	Controller_driver.c
warning: 12060	1508	Implicit conversion of int to ptr	Controller_driver.c
warning: 12082	1508	Implicit conversion of int to ptr	Controller_driver.c
warning: 12112	1508	Implicit conversion of int to ptr	Controller_driver.c
warning: 12142	1508	Implicit conversion of int to ptr	Controller_driver.c
warning: 12172	1508	Implicit conversion of int to ptr	Controller_driver.c
warning: 12202	1508	Implicit conversion of int to ptr	Controller_driver.c
warning: 12232	1508	Implicit conversion of int to ptr	Controller_driver.c
warning: 12262	1508	Implicit conversion of int to ptr	Controller_driver.c
warning: 12292	1508	Implicit conversion of int to ptr	Controller_driver.c
warning: 12322	1508	Implicit conversion of int to ptr	Controller_driver.c
warning: 12347	1508	Implicit conversion of int to ptr	Controller_driver.c
warning: 12368	1508	Implicit conversion of int to ptr	Controller_driver.c
warning: 12392	1508	Implicit conversion of int to ptr	Controller_driver.c
warning: 12408	1508	Implicit conversion of int to ptr	Controller_driver.c
warning: 12424	1508	Implicit conversion of int to ptr	Controller_driver.c
warning: 12440	1508	Implicit conversion of int to ptr	Controller_driver.c
warning: 12456	1508	Implicit conversion of int to ptr	Controller_driver.c
warning: 12472	1508	Implicit conversion of int to ptr	Controller_driver.c
warning: 12488	1508	Implicit conversion of int to ptr	Controller_driver.c
warning: 12504	1508	Implicit conversion of int to ptr	Controller_driver.c
warning: 12520	1508	Implicit conversion of int to ptr	Controller_driver.c
warning: 12536	1508	Implicit conversion of int to ptr	Controller_driver.c
warning: 12552	1508	Implicit conversion of int to ptr	Controller_driver.c
warning: 12568	1508	Implicit conversion of int to ptr	Controller_driver.c
warning: 12584	1508	Implicit conversion of int to ptr	Controller_driver.c
warning: 12600	1508	Implicit conversion of int to ptr	Controller_driver.c
warning: 12616	1508	Implicit conversion of int to ptr	Controller_driver.c
warning: 12632	1508	Implicit conversion of int to ptr	Controller_driver.c
warning: 12648	1508	Implicit conversion of int to ptr	Controller_driver.c
warning: 12664	1508	Implicit conversion of int to ptr	Controller_driver.c
warning: 12680	1508	Implicit conversion of int to ptr	Controller_driver.c
warning: 12696	1508	Implicit conversion of int to ptr	Controller_driver.c
warning: 12712	1508	Implicit conversion of int to ptr	Controller_driver.c
warning: 12728	1508	Implicit conversion of int to ptr	Controller_driver.c
warning: 12744	1508	Implicit conversion of int to ptr	Controller_driver.c
warning: 12760	1508	Implicit conversion of int to ptr	Controller_driver.c
warning: 12776	1508	Implicit conversion of int to ptr	Controller_driver.c
warning: 12792	1508	Implicit conversion of int to ptr	Controller_driver.c
warning: 12808	1508	Implicit conversion of int to ptr	Controller_driver.c
warning: 12824	1508	Implicit conversion of int to ptr	Controller_driver.c
warning: 12840	1508	Implicit conversion of int to ptr	Controller_driver.c
warning: 12856	1508	Implicit conversion of int to ptr	Controller_driver.c
warning: 12872	1508	Implicit conversion of int to ptr	Controller_driver.c
warning: 12888	1508	Implicit conversion of int to ptr	Controller_driver.c
warning: 12904	1508	Implicit conversion of int to ptr	Controller_driver.c
warning: 12920	1508	Implicit conversion of int to ptr	Controller_driver.c
warning: 12936	1508	Implicit conversion of int to ptr	Controller_driver.c
warning: 12952	1508	Implicit conversion of int to ptr	Controller_driver.c
warning: 12968	1508	Implicit conversion of int to ptr	Controller_driver.c
warning: 12984	1508	Implicit conversion of int to ptr	Controller_driver.c
warning: 13006	1508	Implicit conversion of int to ptr	Controller_driver.c
warning: 13036	1508	Implicit conversion of int to ptr	Controller_driver.c
warning: 13066	1508	Implicit conversion of int to ptr	Controller_driver.c
warning: 13096	1508	Implicit conversion of int to ptr	Controller_driver.c
warning: 13126	1508	Implicit conversion of int to ptr	Controller_driver.c
warning: 13156	1508	Implicit conversion of int to ptr	Controller_driver.c
warning: 13186	1508	Implicit conversion of int to ptr	Controller_driver.c
warning: 13216	1508	Implicit conversion of int to ptr	Controller_driver.c
warning: 13246	1508	Implicit conversion of int to ptr	Controller_driver.c
warning: 13271	1508	Implicit conversion of int to ptr	Controller_driver.c
warning: 13292	1508	Implicit conversion of int to ptr	Controller_driver.c
warning: 13315	1508	Implicit conversion of int to ptr	Controller_driver.c
warning: 13331	1508	Implicit conversion of int to ptr	Controller_driver.c
warning: 13347	1508	Implicit conversion of int to ptr	Controller_driver.c
warning: 13363	1508	Implicit conversion of int to ptr	Controller_driver.c
warning: 13379	1508	Implicit conversion of int to ptr	Controller_driver.c
warning: 13395	1508	Implicit conversion of int to ptr	Controller_driver.c
warning: 13411	1508	Implicit conversion of int to ptr	Controller_driver.c
warning: 13427	1508	Implicit conversion of int to ptr	Controller_driver.c
warning: 13443	1508	Implicit conversion of int to ptr	Controller_driver.c
warning: 13459	1508	Implicit conversion of int to ptr	Controller_driver.c
warning: 13475	1508	Implicit conversion of int to ptr	Controller_driver.c
warning: 13491	1508	Implicit conversion of int to ptr	Controller_driver.c
warning: 13507	1508	Implicit conversion of int to ptr	Controller_driver.c
warning: 13523	1508	Implicit conversion of int to ptr	Controller_driver.c
warning: 13539	1508	Implicit conversion of int to ptr	Controller_driver.c
warning: 13555	1508	Implicit conversion of int to ptr	Controller_driver.c
warning: 13571	1508	Implicit conversion of int to ptr	Controller_driver.c
warning: 13587	1508	Implicit conversion of int to ptr	Controller_driver.c
warning: 13603	1508	Implicit conversion of int to ptr	Controller_driver.c
warning: 13619	1508	Implicit conversion of int to ptr	Controller_driver.c
warning: 13635	1508	Implicit conversion of int to ptr	Controller_driver.c
warning: 13651	1508	Implicit conversion of int to ptr	Controller_driver.c
warning: 13667	1508	Implicit conversion of int to ptr	Controller_driver.c
warning: 13683	1508	Implicit conversion of int to ptr	Controller_driver.c
warning: 13699	1508	Implicit conversion of int to ptr	Controller_driver.c
warning: 13715	1508	Implicit conversion of int to ptr	Controller_driver.c
warning: 13731	1508	Implicit conversion of int to ptr	Controller_driver.c
warning: 13747	1508	Implicit conversion of int to ptr	Controller_driver.c
warning: 13763	1508	Implicit conversion of int to ptr	Controller_driver.c
warning: 13779	1508	Implicit conversion of int to ptr	Controller_driver.c
warning: 13795	1508	Implicit conversion of int to ptr	Controller_driver.c
warning: 13811	1508	Implicit conversion of int to ptr	Controller_driver.c
warning: 13827	1508	Implicit conversion of int to ptr	Controller_driver.c
warning: 13843	1508	Implicit conversion of int to ptr	Controller_driver.c
warning: 13859	1508	Implicit conversion of int to ptr	Controller_driver.c
warning: 13881	1508	Implicit conversion of int to ptr	Controller_driver.c
warning: 13911	1508	Implicit conversion of int to ptr	Controller_driver.c
warning: 13941	1508	Implicit conversion of int to ptr	Controller_driver.c
warning: 13971	1508	Implicit conversion of int to ptr	Controller_driver.c
warning: 14001	1508	Implicit conversion of int to ptr	Controller_driver.c
warning: 14031	1508	Implicit conversion of int to ptr	Controller_driver.c
warning: 14055	1508	Implicit conversion of int to ptr	Controller_driver.c
warning: 14071	1508	Implicit conversion of int to ptr	Controller_driver.c
warning: 14087	1508	Implicit conversion of int to ptr	Controller_driver.c
warning: 14109	1508	Implicit conversion of int to ptr	Controller_driver.c
warning: 14139	1508	Implicit conversion of int to ptr	Controller_driver.c
warning: 14169	1508	Implicit conversion of int to ptr	Controller_driver.c
warning: 14194	1508	Implicit conversion of int to ptr	Controller_driver.c
warning: 14215	1508	Implicit conversion of int to ptr	Controller_driver.c
warning: 14238	1508	Implicit conversion of int to ptr	Controller_driver.c
warning: 14255	1508	Implicit conversion of int to ptr	Controller_driver.c
warning: 14272	1508	Implicit conversion of int to ptr	Controller_driver.c
warning: 14289	1508	Implicit conversion of int to ptr	Controller_driver.c
warning: 14306	1508	Implicit conversion of int to ptr	Controller_driver.c
warning: 14323	1508	Implicit conversion of int to ptr	Controller_driver.c
warning: 14340	1508	Implicit conversion of int to ptr	Controller_driver.c
warning: 14357	1508	Implicit conversion of int to ptr	Controller_driver.c
warning: 14374	1508	Implicit conversion of int to ptr	Controller_driver.c
warning: 14391	1508	Implicit conversion of int to ptr	Controller_driver.c
warning: 14413	1508	Implicit conversion of int to ptr	Controller_driver.c
warning: 14443	1508	Implicit conversion of int to ptr	Controller_driver.c
warning: 14473	1508	Implicit conversion of int to ptr	Controller_driver.c
warning: 14503	1508	Implicit conversion of int to ptr	Controller_driver.c
warning: 14533	1508	Implicit conversion of int to ptr	Controller_driver.c
warning: 14563	1508	Implicit conversion of int to ptr	Controller_driver.c
warning: 14593	1508	Implicit conversion of int to ptr	Controller_driver.c
warning: 14623	1508	Implicit conversion of int to ptr	Controller_driver.c
warning: 14648	1508	Implicit conversion of int to ptr	Controller_driver.c
warning: 14665	1508	Implicit conversion of int to ptr	Controller_driver.c
warning: 14682	1508	Implicit conversion of int to ptr	Controller_driver.c
warning: 14699	1508	Implicit conversion of int to ptr	Controller_driver.c
warning: 14716	1508	Implicit conversion of int to ptr	Controller_driver.c
warning: 14733	1508	Implicit conversion of int to ptr	Controller_driver.c
warning: 14750	1508	Implicit conversion of int to ptr	Controller_driver.c
warning: 14767	1508	Implicit conversion of int to ptr	Controller_driver.c
warning: 14784	1508	Implicit conversion of int to ptr	Controller_driver.c
warning: 14801	1508	Implicit conversion of int to ptr	Controller_driver.c
warning: 14818	1508	Implicit conversion of int to ptr	Controller_driver.c
warning: 14835	1508	Implicit conversion of int to ptr	Controller_driver.c
warning: 14852	1508	Implicit conversion of int to ptr	Controller_driver.c
warning: 14869	1508	Implicit conversion of int to ptr	Controller_driver.c
warning: 14886	1508	Implicit conversion of int to ptr	Controller_driver.c
warning: 14903	1508	Implicit conversion of int to ptr	Controller_driver.c
warning: 14920	1508	Implicit conversion of int to ptr	Controller_driver.c
warning: 14942	1508	Implicit conversion of int to ptr	Controller_driver.c
warning: 14967	1508	Implicit conversion of int to ptr	Controller_driver.c
warning: 14989	1508	Implicit conversion of int to ptr	Controller_driver.c
warning: 15014	1508	Implicit conversion of int to ptr	Controller_driver.c
warning: 15031	1508	Implicit conversion of int to ptr	Controller_driver.c
warning: 15053	1508	Implicit conversion of int to ptr	Controller_driver.c
warning: 15078	1508	Implicit conversion of int to ptr	Controller_driver.c
warning: 15095	1508	Implicit conversion of int to ptr	Controller_driver.c
warning: 15112	1508	Implicit conversion of int to ptr	Controller_driver.c
warning: 15134	1508	Implicit conversion of int to ptr	Controller_driver.c
warning: 15164	1508	Implicit conversion of int to ptr	Controller_driver.c
warning: 15189	1508	Implicit conversion of int to ptr	Controller_driver.c
warning: 15206	1508	Implicit conversion of int to ptr	Controller_driver.c
warning: 15223	1508	Implicit conversion of int to ptr	Controller_driver.c
warning: 15240	1508	Implicit conversion of int to ptr	Controller_driver.c
warning: 15257	1508	Implicit conversion of int to ptr	Controller_driver.c
warning: 15274	1508	Implicit conversion of int to ptr	Controller_driver.c
warning: 15296	1508	Implicit conversion of int to ptr	Controller_driver.c
warning: 15326	1508	Implicit conversion of int to ptr	Controller_driver.c
warning: 15355	1508	Implicit conversion of int to ptr	Controller_driver.c
warning: 15384	1508	Implicit conversion of int to ptr	Controller_driver.c
warning: 15414	1508	Implicit conversion of int to ptr	Controller_driver.c
warning: 15439	1508	Implicit conversion of int to ptr	Controller_driver.c
warning: 15456	1508	Implicit conversion of int to ptr	Controller_driver.c
warning: 15478	1508	Implicit conversion of int to ptr	Controller_driver.c
warning: 15503	1508	Implicit conversion of int to ptr	Controller_driver.c
warning: 15520	1508	Implicit conversion of int to ptr	Controller_driver.c
warning: 15536	1508	Implicit conversion of int to ptr	Controller_driver.c
warning: 15552	1508	Implicit conversion of int to ptr	Controller_driver.c
warning: 15568	1508	Implicit conversion of int to ptr	Controller_driver.c
warning: 15584	1508	Implicit conversion of int to ptr	Controller_driver.c
warning: 15600	1508	Implicit conversion of int to ptr	Controller_driver.c
warning: 15616	1508	Implicit conversion of int to ptr	Controller_driver.c
warning: 15632	1508	Implicit conversion of int to ptr	Controller_driver.c
warning: 15648	1508	Implicit conversion of int to ptr	Controller_driver.c
warning: 15664	1508	Implicit conversion of int to ptr	Controller_driver.c
warning: 15680	1508	Implicit conversion of int to ptr	Controller_driver.c
warning: 15702	1508	Implicit conversion of int to ptr	Controller_driver.c
warning: 15732	1508	Implicit conversion of int to ptr	Controller_driver.c
warning: 15756	1508	Implicit conversion of int to ptr	Controller_driver.c
warning: 15772	1508	Implicit conversion of int to ptr	Controller_driver.c
warning: 15788	1508	Implicit conversion of int to ptr	Controller_driver.c
warning: 15804	1508	Implicit conversion of int to ptr	Controller_driver.c
warning: 15820	1508	Implicit conversion of int to ptr	Controller_driver.c
warning: 15836	1508	Implicit conversion of int to ptr	Controller_driver.c
warning: 15858	1508	Implicit conversion of int to ptr	Controller_driver.c
warning: 15888	1508	Implicit conversion of int to ptr	Controller_driver.c
warning: 15918	1508	Implicit conversion of int to ptr	Controller_driver.c
warning: 15948	1508	Implicit conversion of int to ptr	Controller_driver.c
warning: 15978	1508	Implicit conversion of int to ptr	Controller_driver.c
warning: 16003	1508	Implicit conversion of int to ptr	Controller_driver.c
warning: 16024	1508	Implicit conversion of int to ptr	Controller_driver.c
warning: 16053	1508	Implicit conversion of int to ptr	Controller_driver.c
warning: 16078	1508	Implicit conversion of int to ptr	Controller_driver.c
warning: 16094	1508	Implicit conversion of int to ptr	Controller_driver.c
warning: 16110	1508	Implicit conversion of int to ptr	Controller_driver.c
warning: 16126	1508	Implicit conversion of int to ptr	Controller_driver.c
warning: 16142	1508	Implicit conversion of int to ptr	Controller_driver.c
warning: 16158	1508	Implicit conversion of int to ptr	Controller_driver.c
warning: 16174	1508	Implicit conversion of int to ptr	Controller_driver.c
warning: 16190	1508	Implicit conversion of int to ptr	Controller_driver.c
warning: 16206	1508	Implicit conversion of int to ptr	Controller_driver.c
warning: 16222	1508	Implicit conversion of int to ptr	Controller_driver.c
warning: 16238	1508	Implicit conversion of int to ptr	Controller_driver.c
warning: 16254	1508	Implicit conversion of int to ptr	Controller_driver.c
warning: 16270	1508	Implicit conversion of int to ptr	Controller_driver.c
warning: 16286	1508	Implicit conversion of int to ptr	Controller_driver.c
warning: 16302	1508	Implicit conversion of int to ptr	Controller_driver.c
warning: 16318	1508	Implicit conversion of int to ptr	Controller_driver.c
warning: 16334	1508	Implicit conversion of int to ptr	Controller_driver.c
warning: 16350	1508	Implicit conversion of int to ptr	Controller_driver.c
warning: 16366	1508	Implicit conversion of int to ptr	Controller_driver.c
warning: 16382	1508	Implicit conversion of int to ptr	Controller_driver.c
warning: 16398	1508	Implicit conversion of int to ptr	Controller_driver.c
warning: 16414	1508	Implicit conversion of int to ptr	Controller_driver.c
warning: 16430	1508	Implicit conversion of int to ptr	Controller_driver.c
warning: 16446	1508	Implicit conversion of int to ptr	Controller_driver.c
warning: 16462	1508	Implicit conversion of int to ptr	Controller_driver.c
warning: 16478	1508	Implicit conversion of int to ptr	Controller_driver.c
warning: 16494	1508	Implicit conversion of int to ptr	Controller_driver.c
warning: 16510	1508	Implicit conversion of int to ptr	Controller_driver.c
warning: 16526	1508	Implicit conversion of int to ptr	Controller_driver.c
warning: 16542	1508	Implicit conversion of int to ptr	Controller_driver.c
warning: 16558	1508	Implicit conversion of int to ptr	Controller_driver.c
warning: 16574	1508	Implicit conversion of int to ptr	Controller_driver.c
warning: 16590	1508	Implicit conversion of int to ptr	Controller_driver.c
warning: 16606	1508	Implicit conversion of int to ptr	Controller_driver.c
warning: 16622	1508	Implicit conversion of int to ptr	Controller_driver.c
warning: 16639	1508	Implicit conversion of int to ptr	Controller_driver.c
warning: 16655	1508	Implicit conversion of int to ptr	Controller_driver.c
warning: 16671	1508	Implicit conversion of int to ptr	Controller_driver.c
warning: 16687	1508	Implicit conversion of int to ptr	Controller_driver.c
warning: 16703	1508	Implicit conversion of int to ptr	Controller_driver.c
warning: 16719	1508	Implicit conversion of int to ptr	Controller_driver.c
warning: 16735	1508	Implicit conversion of int to ptr	Controller_driver.c
warning: 16751	1508	Implicit conversion of int to ptr	Controller_driver.c
warning: 16767	1508	Implicit conversion of int to ptr	Controller_driver.c
warning: 16783	1508	Implicit conversion of int to ptr	Controller_driver.c
warning: 16800	1508	Implicit conversion of int to ptr	Controller_driver.c
warning: 16817	1508	Implicit conversion of int to ptr	Controller_driver.c
warning: 16834	1508	Implicit conversion of int to ptr	Controller_driver.c
warning: 16851	1508	Implicit conversion of int to ptr	Controller_driver.c
warning: 16868	1508	Implicit conversion of int to ptr	Controller_driver.c
warning: 16885	1508	Implicit conversion of int to ptr	Controller_driver.c
warning: 16902	1508	Implicit conversion of int to ptr	Controller_driver.c
warning: 16919	1508	Implicit conversion of int to ptr	Controller_driver.c
warning: 16936	1508	Implicit conversion of int to ptr	Controller_driver.c
warning: 16953	1508	Implicit conversion of int to ptr	Controller_driver.c
warning: 16970	1508	Implicit conversion of int to ptr	Controller_driver.c
warning: 16992	1508	Implicit conversion of int to ptr	Controller_driver.c
warning: 17017	1508	Implicit conversion of int to ptr	Controller_driver.c
warning: 17033	1508	Implicit conversion of int to ptr	Controller_driver.c
warning: 17153	1508	Implicit conversion of int to ptr	Controller_driver.c
warning: 17170	1508	Implicit conversion of int to ptr	Controller_driver.c
warning: 17187	1508	Implicit conversion of int to ptr	Controller_driver.c
warning: 17204	1508	Implicit conversion of int to ptr	Controller_driver.c
warning: 17221	1508	Implicit conversion of int to ptr	Controller_driver.c
warning: 17238	1508	Implicit conversion of int to ptr	Controller_driver.c
warning: 17255	1508	Implicit conversion of int to ptr	Controller_driver.c
warning: 17272	1508	Implicit conversion of int to ptr	Controller_driver.c
warning: 17289	1508	Implicit conversion of int to ptr	Controller_driver.c
warning: 17306	1508	Implicit conversion of int to ptr	Controller_driver.c
warning: 17323	1508	Implicit conversion of int to ptr	Controller_driver.c
warning: 17340	1508	Implicit conversion of int to ptr	Controller_driver.c
warning: 17387	1508	Implicit conversion of int to ptr	Controller_driver.c
warning: 17404	1508	Implicit conversion of int to ptr	Controller_driver.c
warning: 17430	1508	Implicit conversion of int to ptr	Controller_driver.c
warning: 17447	1508	Implicit conversion of int to ptr	Controller_driver.c
warning: 17464	1508	Implicit conversion of int to ptr	Controller_driver.c
warning: 17486	1508	Implicit conversion of int to ptr	Controller_driver.c
warning: 17516	1508	Implicit conversion of int to ptr	Controller_driver.c
warning: 17546	1508	Implicit conversion of int to ptr	Controller_driver.c
warning: 17576	1508	Implicit conversion of int to ptr	Controller_driver.c
warning: 17606	1508	Implicit conversion of int to ptr	Controller_driver.c
warning: 17636	1508	Implicit conversion of int to ptr	Controller_driver.c
warning: 17666	1508	Implicit conversion of int to ptr	Controller_driver.c
warning: 17695	1508	Implicit conversion of int to ptr	Controller_driver.c
warning: 17719	1508	Implicit conversion of int to ptr	Controller_driver.c
warning: 17736	1508	Implicit conversion of int to ptr	Controller_driver.c
warning: 17753	1508	Implicit conversion of int to ptr	Controller_driver.c
warning: 17770	1508	Implicit conversion of int to ptr	Controller_driver.c
warning: 17787	1508	Implicit conversion of int to ptr	Controller_driver.c
warning: 17803	1508	Implicit conversion of int to ptr	Controller_driver.c
warning: 17819	1508	Implicit conversion of int to ptr	Controller_driver.c
warning: 17836	1508	Implicit conversion of int to ptr	Controller_driver.c
warning: 17852	1508	Implicit conversion of int to ptr	Controller_driver.c
warning: 17868	1508	Implicit conversion of int to ptr	Controller_driver.c
warning: 17884	1508	Implicit conversion of int to ptr	Controller_driver.c
warning: 17900	1508	Implicit conversion of int to ptr	Controller_driver.c
warning: 17916	1508	Implicit conversion of int to ptr	Controller_driver.c
warning: 17932	1508	Implicit conversion of int to ptr	Controller_driver.c
warning: 17954	1508	Implicit conversion of int to ptr	Controller_driver.c
warning: 17983	1508	Implicit conversion of int to ptr	Controller_driver.c
warning: 18012	1508	Implicit conversion of int to ptr	Controller_driver.c
warning: 18041	1508	Implicit conversion of int to ptr	Controller_driver.c
warning: 18070	1508	Implicit conversion of int to ptr	Controller_driver.c
warning: 18099	1508	Implicit conversion of int to ptr	Controller_driver.c
warning: 18128	1508	Implicit conversion of int to ptr	Controller_driver.c
warning: 18157	1508	Implicit conversion of int to ptr	Controller_driver.c
warning: 18186	1508	Implicit conversion of int to ptr	Controller_driver.c
warning: 18215	1508	Implicit conversion of int to ptr	Controller_driver.c
warning: 18238	1508	Implicit conversion of int to ptr	Controller_driver.c
warning: 18254	1508	Implicit conversion of int to ptr	Controller_driver.c
warning: 18276	1508	Implicit conversion of int to ptr	Controller_driver.c
warning: 18305	1508	Implicit conversion of int to ptr	Controller_driver.c
warning: 18328	1508	Implicit conversion of int to ptr	Controller_driver.c
warning: 18344	1508	Implicit conversion of int to ptr	Controller_driver.c
warning: 18360	1508	Implicit conversion of int to ptr	Controller_driver.c
warning: 18376	1508	Implicit conversion of int to ptr	Controller_driver.c
warning: 18392	1508	Implicit conversion of int to ptr	Controller_driver.c
warning: 18408	1508	Implicit conversion of int to ptr	Controller_driver.c
warning: 18424	1508	Implicit conversion of int to ptr	Controller_driver.c
warning: 18440	1508	Implicit conversion of int to ptr	Controller_driver.c
warning: 18462	1508	Implicit conversion of int to ptr	Controller_driver.c
warning: 18491	1508	Implicit conversion of int to ptr	Controller_driver.c
warning: 18514	1508	Implicit conversion of int to ptr	Controller_driver.c
warning: 18530	1508	Implicit conversion of int to ptr	Controller_driver.c
warning: 18547	1508	Implicit conversion of int to ptr	Controller_driver.c
warning: 18563	1508	Implicit conversion of int to ptr	Controller_driver.c
warning: 18579	1508	Implicit conversion of int to ptr	Controller_driver.c
warning: 18595	1508	Implicit conversion of int to ptr	Controller_driver.c
warning: 18611	1508	Implicit conversion of int to ptr	Controller_driver.c
warning: 18627	1508	Implicit conversion of int to ptr	Controller_driver.c
warning: 18643	1508	Implicit conversion of int to ptr	Controller_driver.c
warning: 18659	1508	Implicit conversion of int to ptr	Controller_driver.c
warning: 18675	1508	Implicit conversion of int to ptr	Controller_driver.c
warning: 18691	1508	Implicit conversion of int to ptr	Controller_driver.c
warning: 18707	1508	Implicit conversion of int to ptr	Controller_driver.c
warning: 18723	1508	Implicit conversion of int to ptr	Controller_driver.c
warning: 18745	1508	Implicit conversion of int to ptr	Controller_driver.c
warning: 18775	1508	Implicit conversion of int to ptr	Controller_driver.c
warning: 18805	1508	Implicit conversion of int to ptr	Controller_driver.c
warning: 18834	1508	Implicit conversion of int to ptr	Controller_driver.c
warning: 18857	1508	Implicit conversion of int to ptr	Controller_driver.c
warning: 18873	1508	Implicit conversion of int to ptr	Controller_driver.c
warning: 18889	1508	Implicit conversion of int to ptr	Controller_driver.c
warning: 18905	1508	Implicit conversion of int to ptr	Controller_driver.c
warning: 18921	1508	Implicit conversion of int to ptr	Controller_driver.c
warning: 18937	1508	Implicit conversion of int to ptr	Controller_driver.c
warning: 18953	1508	Implicit conversion of int to ptr	Controller_driver.c
warning: 18969	1508	Implicit conversion of int to ptr	Controller_driver.c
warning: 18985	1508	Implicit conversion of int to ptr	Controller_driver.c
warning: 19001	1508	Implicit conversion of int to ptr	Controller_driver.c
warning: 19017	1508	Implicit conversion of int to ptr	Controller_driver.c
warning: 19033	1508	Implicit conversion of int to ptr	Controller_driver.c
warning: 19049	1508	Implicit conversion of int to ptr	Controller_driver.c
warning: 19066	1508	Implicit conversion of int to ptr	Controller_driver.c
warning: 19082	1508	Implicit conversion of int to ptr	Controller_driver.c
warning: 19098	1508	Implicit conversion of int to ptr	Controller_driver.c
warning: 19114	1508	Implicit conversion of int to ptr	Controller_driver.c
warning: 19130	1508	Implicit conversion of int to ptr	Controller_driver.c
warning: 19146	1508	Implicit conversion of int to ptr	Controller_driver.c
warning: 19162	1508	Implicit conversion of int to ptr	Controller_driver.c
warning: 19178	1508	Implicit conversion of int to ptr	Controller_driver.c
warning: 19194	1508	Implicit conversion of int to ptr	Controller_driver.c
warning: 19210	1508	Implicit conversion of int to ptr	Controller_driver.c
warning: 19226	1508	Implicit conversion of int to ptr	Controller_driver.c
warning: 19242	1508	Implicit conversion of int to ptr	Controller_driver.c
warning: 19258	1508	Implicit conversion of int to ptr	Controller_driver.c
warning: 19326	1508	Implicit conversion of int to ptr	Controller_driver.c
warning: 19356	1508	Implicit conversion of int to ptr	Controller_driver.c
warning: 19386	1508	Implicit conversion of int to ptr	Controller_driver.c
warning: 19416	1508	Implicit conversion of int to ptr	Controller_driver.c
warning: 19446	1508	Implicit conversion of int to ptr	Controller_driver.c
warning: 19476	1508	Implicit conversion of int to ptr	Controller_driver.c
warning: 19500	1508	Implicit conversion of int to ptr	Controller_driver.c
warning: 19516	1508	Implicit conversion of int to ptr	Controller_driver.c
warning: 19532	1508	Implicit conversion of int to ptr	Controller_driver.c
warning: 19641	1508	Implicit conversion of int to ptr	Controller_driver.c
warning: 19658	1508	Implicit conversion of int to ptr	Controller_driver.c
warning: 19675	1508	Implicit conversion of int to ptr	Controller_driver.c
warning: 19692	1508	Implicit conversion of int to ptr	Controller_driver.c
warning: 19714	1508	Implicit conversion of int to ptr	Controller_driver.c
warning: 19744	1508	Implicit conversion of int to ptr	Controller_driver.c
warning: 19774	1508	Implicit conversion of int to ptr	Controller_driver.c
warning: 19804	1508	Implicit conversion of int to ptr	Controller_driver.c
warning: 19834	1508	Implicit conversion of int to ptr	Controller_driver.c
warning: 19864	1508	Implicit conversion of int to ptr	Controller_driver.c
warning: 19894	1508	Implicit conversion of int to ptr	Controller_driver.c
warning: 19924	1508	Implicit conversion of int to ptr	Controller_driver.c
warning: 19954	1508	Implicit conversion of int to ptr	Controller_driver.c
warning: 19984	1508	Implicit conversion of int to ptr	Controller_driver.c
warning: 20014	1508	Implicit conversion of int to ptr	Controller_driver.c
warning: 20044	1508	Implicit conversion of int to ptr	Controller_driver.c
warning: 20074	1508	Implicit conversion of int to ptr	Controller_driver.c
warning: 20104	1508	Implicit conversion of int to ptr	Controller_driver.c
warning: 20134	1508	Implicit conversion of int to ptr	Controller_driver.c
warning: 20159	1508	Implicit conversion of int to ptr	Controller_driver.c
warning: 20181	1508	Implicit conversion of int to ptr	Controller_driver.c
warning: 20211	1508	Implicit conversion of int to ptr	Controller_driver.c
warning: 20241	1508	Implicit conversion of int to ptr	Controller_driver.c
warning: 20271	1508	Implicit conversion of int to ptr	Controller_driver.c
warning: 20295	1508	Implicit conversion of int to ptr	Controller_driver.c
warning: 20311	1508	Implicit conversion of int to ptr	Controller_driver.c
warning: 20327	1508	Implicit conversion of int to ptr	Controller_driver.c
warning: 20343	1508	Implicit conversion of int to ptr	Controller_driver.c
warning: 20360	1508	Implicit conversion of int to ptr	Controller_driver.c
warning: 20376	1508	Implicit conversion of int to ptr	Controller_driver.c
warning: 20392	1508	Implicit conversion of int to ptr	Controller_driver.c
warning: 20408	1508	Implicit conversion of int to ptr	Controller_driver.c
warning: 20424	1508	Implicit conversion of int to ptr	Controller_driver.c
warning: 20440	1508	Implicit conversion of int to ptr	Controller_driver.c
warning: 20456	1508	Implicit conversion of int to ptr	Controller_driver.c
warning: 20472	1508	Implicit conversion of int to ptr	Controller_driver.c
warning: 20488	1508	Implicit conversion of int to ptr	Controller_driver.c
warning: 20504	1508	Implicit conversion of int to ptr	Controller_driver.c
warning: 20520	1508	Implicit conversion of int to ptr	Controller_driver.c
warning: 20536	1508	Implicit conversion of int to ptr	Controller_driver.c
warning: 20552	1508	Implicit conversion of int to ptr	Controller_driver.c
warning: 20568	1508	Implicit conversion of int to ptr	Controller_driver.c
warning: 20584	1508	Implicit conversion of int to ptr	Controller_driver.c
warning: 20600	1508	Implicit conversion of int to ptr	Controller_driver.c
warning: 20616	1508	Implicit conversion of int to ptr	Controller_driver.c
warning: 20632	1508	Implicit conversion of int to ptr	Controller_driver.c
warning: 20648	1508	Implicit conversion of int to ptr	Controller_driver.c
warning: 20670	1508	Implicit conversion of int to ptr	Controller_driver.c
warning: 20700	1508	Implicit conversion of int to ptr	Controller_driver.c
warning: 20730	1508	Implicit conversion of int to ptr	Controller_driver.c
warning: 20760	1508	Implicit conversion of int to ptr	Controller_driver.c
warning: 20790	1508	Implicit conversion of int to ptr	Controller_driver.c
warning: 20814	1508	Implicit conversion of int to ptr	Controller_driver.c
warning: 20831	1508	Implicit conversion of int to ptr	Controller_driver.c
warning: 20847	1508	Implicit conversion of int to ptr	Controller_driver.c
warning: 20863	1508	Implicit conversion of int to ptr	Controller_driver.c
warning: 20879	1508	Implicit conversion of int to ptr	Controller_driver.c
warning: 20921	1508	Implicit conversion of int to ptr	Controller_driver.c
warning: 20951	1508	Implicit conversion of int to ptr	Controller_driver.c
warning: 20980	1508	Implicit conversion of int to ptr	Controller_driver.c
warning: 21003	1508	Implicit conversion of int to ptr	Controller_driver.c
warning: 21020	1508	Implicit conversion of int to ptr	Controller_driver.c
warning: 21037	1508	Implicit conversion of int to ptr	Controller_driver.c
warning: 21054	1508	Implicit conversion of int to ptr	Controller_driver.c
warning: 21071	1508	Implicit conversion of int to ptr	Controller_driver.c
warning: 21088	1508	Implicit conversion of int to ptr	Controller_driver.c
warning: 21105	1508	Implicit conversion of int to ptr	Controller_driver.c
warning: 21122	1508	Implicit conversion of int to ptr	Controller_driver.c
warning: 21144	1508	Implicit conversion of int to ptr	Controller_driver.c
warning: 21174	1508	Implicit conversion of int to ptr	Controller_driver.c
warning: 21204	1508	Implicit conversion of int to ptr	Controller_driver.c
warning: 21234	1508	Implicit conversion of int to ptr	Controller_driver.c
warning: 21264	1508	Implicit conversion of int to ptr	Controller_driver.c
warning: 21294	1508	Implicit conversion of int to ptr	Controller_driver.c
warning: 21324	1508	Implicit conversion of int to ptr	Controller_driver.c
warning: 21349	1508	Implicit conversion of int to ptr	Controller_driver.c
warning: 21366	1508	Implicit conversion of int to ptr	Controller_driver.c
warning: 21383	1508	Implicit conversion of int to ptr	Controller_driver.c
warning: 21400	1508	Implicit conversion of int to ptr	Controller_driver.c
warning: 21417	1508	Implicit conversion of int to ptr	Controller_driver.c
warning: 21434	1508	Implicit conversion of int to ptr	Controller_driver.c
warning: 21451	1508	Implicit conversion of int to ptr	Controller_driver.c
warning: 21468	1508	Implicit conversion of int to ptr	Controller_driver.c
warning: 21485	1508	Implicit conversion of int to ptr	Controller_driver.c
warning: 21502	1508	Implicit conversion of int to ptr	Controller_driver.c
warning: 21519	1508	Implicit conversion of int to ptr	Controller_driver.c
warning: 21536	1508	Implicit conversion of int to ptr	Controller_driver.c
warning: 21553	1508	Implicit conversion of int to ptr	Controller_driver.c
warning: 21570	1508	Implicit conversion of int to ptr	Controller_driver.c
warning: 21587	1508	Implicit conversion of int to ptr	Controller_driver.c
warning: 21604	1508	Implicit conversion of int to ptr	Controller_driver.c
warning: 21621	1508	Implicit conversion of int to ptr	Controller_driver.c
warning: 21643	1508	Implicit conversion of int to ptr	Controller_driver.c
warning: 21668	1508	Implicit conversion of int to ptr	Controller_driver.c
warning: 21690	1508	Implicit conversion of int to ptr	Controller_driver.c
warning: 21715	1508	Implicit conversion of int to ptr	Controller_driver.c
warning: 21732	1508	Implicit conversion of int to ptr	Controller_driver.c
warning: 21749	1508	Implicit conversion of int to ptr	Controller_driver.c
warning: 21766	1508	Implicit conversion of int to ptr	Controller_driver.c
warning: 21783	1508	Implicit conversion of int to ptr	Controller_driver.c
warning: 21805	1508	Implicit conversion of int to ptr	Controller_driver.c
warning: 21835	1508	Implicit conversion of int to ptr	Controller_driver.c
warning: 21860	1508	Implicit conversion of int to ptr	Controller_driver.c
warning: 21877	1508	Implicit conversion of int to ptr	Controller_driver.c
warning: 21899	1508	Implicit conversion of int to ptr	Controller_driver.c
warning: 21929	1508	Implicit conversion of int to ptr	Controller_driver.c
warning: 21958	1508	Implicit conversion of int to ptr	Controller_driver.c
warning: 21987	1508	Implicit conversion of int to ptr	Controller_driver.c
warning: 22017	1508	Implicit conversion of int to ptr	Controller_driver.c
warning: 22042	1508	Implicit conversion of int to ptr	Controller_driver.c
warning: 22059	1508	Implicit conversion of int to ptr	Controller_driver.c
warning: 22076	1508	Implicit conversion of int to ptr	Controller_driver.c
warning: 22093	1508	Implicit conversion of int to ptr	Controller_driver.c
warning: 22109	1508	Implicit conversion of int to ptr	Controller_driver.c
warning: 22126	1508	Implicit conversion of int to ptr	Controller_driver.c
warning: 22142	1508	Implicit conversion of int to ptr	Controller_driver.c
warning: 22158	1508	Implicit conversion of int to ptr	Controller_driver.c
warning: 22180	1508	Implicit conversion of int to ptr	Controller_driver.c
warning: 22210	1508	Implicit conversion of int to ptr	Controller_driver.c
warning: 22239	1508	Implicit conversion of int to ptr	Controller_driver.c
warning: 22262	1508	Implicit conversion of int to ptr	Controller_driver.c
warning: 22278	1508	Implicit conversion of int to ptr	Controller_driver.c
warning: 22294	1508	Implicit conversion of int to ptr	Controller_driver.c
warning: 22310	1508	Implicit conversion of int to ptr	Controller_driver.c
warning: 22326	1508	Implicit conversion of int to ptr	Controller_driver.c
warning: 22342	1508	Implicit conversion of int to ptr	Controller_driver.c
warning: 22358	1508	Implicit conversion of int to ptr	Controller_driver.c
warning: 22374	1508	Implicit conversion of int to ptr	Controller_driver.c
warning: 22390	1508	Implicit conversion of int to ptr	Controller_driver.c
warning: 22406	1508	Implicit conversion of int to ptr	Controller_driver.c
warning: 22422	1508	Implicit conversion of int to ptr	Controller_driver.c
warning: 22438	1508	Implicit conversion of int to ptr	Controller_driver.c
warning: 22454	1508	Implicit conversion of int to ptr	Controller_driver.c
warning: 22471	1508	Implicit conversion of int to ptr	Controller_driver.c
warning: 22487	1508	Implicit conversion of int to ptr	Controller_driver.c
warning: 22509	1508	Implicit conversion of int to ptr	Controller_driver.c
warning: 22538	1508	Implicit conversion of int to ptr	Controller_driver.c
warning: 22567	1508	Implicit conversion of int to ptr	Controller_driver.c
warning: 22596	1508	Implicit conversion of int to ptr	Controller_driver.c
warning: 22625	1508	Implicit conversion of int to ptr	Controller_driver.c
warning: 22654	1508	Implicit conversion of int to ptr	Controller_driver.c
warning: 22683	1508	Implicit conversion of int to ptr	Controller_driver.c
warning: 22712	1508	Implicit conversion of int to ptr	Controller_driver.c
warning: 22741	1508	Implicit conversion of int to ptr	Controller_driver.c
warning: 22764	1508	Implicit conversion of int to ptr	Controller_driver.c
warning: 22780	1508	Implicit conversion of int to ptr	Controller_driver.c
warning: 22802	1508	Implicit conversion of int to ptr	Controller_driver.c
warning: 22831	1508	Implicit conversion of int to ptr	Controller_driver.c
warning: 22860	1508	Implicit conversion of int to ptr	Controller_driver.c
warning: 22889	1508	Implicit conversion of int to ptr	Controller_driver.c
warning: 22918	1508	Implicit conversion of int to ptr	Controller_driver.c
warning: 22947	1508	Implicit conversion of int to ptr	Controller_driver.c
warning: 22976	1508	Implicit conversion of int to ptr	Controller_driver.c
warning: 23005	1508	Implicit conversion of int to ptr	Controller_driver.c
warning: 23028	1508	Implicit conversion of int to ptr	Controller_driver.c
warning: 23044	1508	Implicit conversion of int to ptr	Controller_driver.c
warning: 23060	1508	Implicit conversion of int to ptr	Controller_driver.c
warning: 23076	1508	Implicit conversion of int to ptr	Controller_driver.c
warning: 23092	1508	Implicit conversion of int to ptr	Controller_driver.c
warning: 23108	1508	Implicit conversion of int to ptr	Controller_driver.c
warning: 23124	1508	Implicit conversion of int to ptr	Controller_driver.c
warning: 23140	1508	Implicit conversion of int to ptr	Controller_driver.c
warning: 23156	1508	Implicit conversion of int to ptr	Controller_driver.c
warning: 23172	1508	Implicit conversion of int to ptr	Controller_driver.c
warning: 23189	1508	Implicit conversion of int to ptr	Controller_driver.c
warning: 23211	1508	Implicit conversion of int to ptr	Controller_driver.c
warning: 23240	1508	Implicit conversion of int to ptr	Controller_driver.c
warning: 23263	1508	Implicit conversion of int to ptr	Controller_driver.c
warning: 23280	1508	Implicit conversion of int to ptr	Controller_driver.c
warning: 23302	1508	Implicit conversion of int to ptr	Controller_driver.c
warning: 23332	1508	Implicit conversion of int to ptr	Controller_driver.c
warning: 23362	1508	Implicit conversion of int to ptr	Controller_driver.c
warning: 23392	1508	Implicit conversion of int to ptr	Controller_driver.c
warning: 23422	1508	Implicit conversion of int to ptr	Controller_driver.c
warning: 23452	1508	Implicit conversion of int to ptr	Controller_driver.c
warning: 23481	1508	Implicit conversion of int to ptr	Controller_driver.c
warning: 23510	1508	Implicit conversion of int to ptr	Controller_driver.c
warning: 23535	1508	Implicit conversion of int to ptr	Controller_driver.c
warning: 23551	1508	Implicit conversion of int to ptr	Controller_driver.c
warning: 23567	1508	Implicit conversion of int to ptr	Controller_driver.c
warning: 23583	1508	Implicit conversion of int to ptr	Controller_driver.c
warning: 23599	1508	Implicit conversion of int to ptr	Controller_driver.c
warning: 23615	1508	Implicit conversion of int to ptr	Controller_driver.c
warning: 23631	1508	Implicit conversion of int to ptr	Controller_driver.c
warning: 23647	1508	Implicit conversion of int to ptr	Controller_driver.c
warning: 23663	1508	Implicit conversion of int to ptr	Controller_driver.c
warning: 23679	1508	Implicit conversion of int to ptr	Controller_driver.c
warning: 23695	1508	Implicit conversion of int to ptr	Controller_driver.c
warning: 23711	1508	Implicit conversion of int to ptr	Controller_driver.c
warning: 23728	1508	Implicit conversion of int to ptr	Controller_driver.c
warning: 23744	1508	Implicit conversion of int to ptr	Controller_driver.c
warning: 23761	1508	Implicit conversion of int to ptr	Controller_driver.c
warning: 23777	1508	Implicit conversion of int to ptr	Controller_driver.c
warning: 23793	1508	Implicit conversion of int to ptr	Controller_driver.c
warning: 23809	1508	Implicit conversion of int to ptr	Controller_driver.c
warning: 23825	1508	Implicit conversion of int to ptr	Controller_driver.c
warning: 23841	1508	Implicit conversion of int to ptr	Controller_driver.c
warning: 23857	1508	Implicit conversion of int to ptr	Controller_driver.c
warning: 23873	1508	Implicit conversion of int to ptr	Controller_driver.c
warning: 23889	1508	Implicit conversion of int to ptr	Controller_driver.c
warning: 23905	1508	Implicit conversion of int to ptr	Controller_driver.c
warning: 23921	1508	Implicit conversion of int to ptr	Controller_driver.c
warning: 23937	1508	Implicit conversion of int to ptr	Controller_driver.c
warning: 23953	1508	Implicit conversion of int to ptr	Controller_driver.c
warning: 23969	1508	Implicit conversion of int to ptr	Controller_driver.c
warning: 23991	1508	Implicit conversion of int to ptr	Controller_driver.c
warning: 24020	1508	Implicit conversion of int to ptr	Controller_driver.c
warning: 24049	1508	Implicit conversion of int to ptr	Controller_driver.c
warning: 24078	1508	Implicit conversion of int to ptr	Controller_driver.c
warning: 24107	1508	Implicit conversion of int to ptr	Controller_driver.c
warning: 24136	1508	Implicit conversion of int to ptr	Controller_driver.c
warning: 24165	1508	Implicit conversion of int to ptr	Controller_driver.c
warning: 24194	1508	Implicit conversion of int to ptr	Controller_driver.c
warning: 24223	1508	Implicit conversion of int to ptr	Controller_driver.c
warning: 24252	1508	Implicit conversion of int to ptr	Controller_driver.c
warning: 24281	1508	Implicit conversion of int to ptr	Controller_driver.c
warning: 24310	1508	Implicit conversion of int to ptr	Controller_driver.c
warning: 24339	1508	Implicit conversion of int to ptr	Controller_driver.c
warning: 24368	1508	Implicit conversion of int to ptr	Controller_driver.c
warning: 24391	1508	Implicit conversion of int to ptr	Controller_driver.c
warning: 24413	1508	Implicit conversion of int to ptr	Controller_driver.c
warning: 24436	1508	Implicit conversion of int to ptr	Controller_driver.c
warning: 24452	1508	Implicit conversion of int to ptr	Controller_driver.c
warning: 24468	1508	Implicit conversion of int to ptr	Controller_driver.c
warning: 24484	1508	Implicit conversion of int to ptr	Controller_driver.c
warning: 24500	1508	Implicit conversion of int to ptr	Controller_driver.c
warning: 24516	1508	Implicit conversion of int to ptr	Controller_driver.c
warning: 24532	1508	Implicit conversion of int to ptr	Controller_driver.c
warning: 24548	1508	Implicit conversion of int to ptr	Controller_driver.c
warning: 24564	1508	Implicit conversion of int to ptr	Controller_driver.c
warning: 24581	1508	Implicit conversion of int to ptr	Controller_driver.c
warning: 24597	1508	Implicit conversion of int to ptr	Controller_driver.c
warning: 24613	1508	Implicit conversion of int to ptr	Controller_driver.c
warning: 24629	1508	Implicit conversion of int to ptr	Controller_driver.c
warning: 24645	1508	Implicit conversion of int to ptr	Controller_driver.c
warning: 24661	1508	Implicit conversion of int to ptr	Controller_driver.c
warning: 24677	1508	Implicit conversion of int to ptr	Controller_driver.c
warning: 24693	1508	Implicit conversion of int to ptr	Controller_driver.c
warning: 24709	1508	Implicit conversion of int to ptr	Controller_driver.c
warning: 24725	1508	Implicit conversion of int to ptr	Controller_driver.c
warning: 24747	1508	Implicit conversion of int to ptr	Controller_driver.c
warning: 24776	1508	Implicit conversion of int to ptr	Controller_driver.c
warning: 24805	1508	Implicit conversion of int to ptr	Controller_driver.c
warning: 24834	1508	Implicit conversion of int to ptr	Controller_driver.c
warning: 24863	1508	Implicit conversion of int to ptr	Controller_driver.c
warning: 24892	1508	Implicit conversion of int to ptr	Controller_driver.c
warning: 24921	1508	Implicit conversion of int to ptr	Controller_driver.c
warning: 24950	1508	Implicit conversion of int to ptr	Controller_driver.c
warning: 24979	1508	Implicit conversion of int to ptr	Controller_driver.c
warning: 25008	1508	Implicit conversion of int to ptr	Controller_driver.c
warning: 25037	1508	Implicit conversion of int to ptr	Controller_driver.c
warning: 25066	1508	Implicit conversion of int to ptr	Controller_driver.c
warning: 25089	1508	Implicit conversion of int to ptr	Controller_driver.c
warning: 25209	1508	Implicit conversion of int to ptr	Controller_driver.c
warning: 25226	1508	Implicit conversion of int to ptr	Controller_driver.c
warning: 25243	1508	Implicit conversion of int to ptr	Controller_driver.c
warning: 25260	1508	Implicit conversion of int to ptr	Controller_driver.c
warning: 25277	1508	Implicit conversion of int to ptr	Controller_driver.c
warning: 25294	1508	Implicit conversion of int to ptr	Controller_driver.c
warning: 25311	1508	Implicit conversion of int to ptr	Controller_driver.c
warning: 25328	1508	Implicit conversion of int to ptr	Controller_driver.c
warning: 25345	1508	Implicit conversion of int to ptr	Controller_driver.c
warning: 25362	1508	Implicit conversion of int to ptr	Controller_driver.c
warning: 25379	1508	Implicit conversion of int to ptr	Controller_driver.c
warning: 25426	1508	Implicit conversion of int to ptr	Controller_driver.c
warning: 25443	1508	Implicit conversion of int to ptr	Controller_driver.c
warning: 25469	1508	Implicit conversion of int to ptr	Controller_driver.c
warning: 25486	1508	Implicit conversion of int to ptr	Controller_driver.c
warning: 25503	1508	Implicit conversion of int to ptr	Controller_driver.c
warning: 25525	1508	Implicit conversion of int to ptr	Controller_driver.c
warning: 25555	1508	Implicit conversion of int to ptr	Controller_driver.c
warning: 25580	1508	Implicit conversion of int to ptr	Controller_driver.c
warning: 25602	1508	Implicit conversion of int to ptr	Controller_driver.c
warning: 25632	1508	Implicit conversion of int to ptr	Controller_driver.c
warning: 25662	1508	Implicit conversion of int to ptr	Controller_driver.c
warning: 25692	1508	Implicit conversion of int to ptr	Controller_driver.c
warning: 25717	1508	Implicit conversion of int to ptr	Controller_driver.c
warning: 25734	1508	Implicit conversion of int to ptr	Controller_driver.c
warning: 25751	1508	Implicit conversion of int to ptr	Controller_driver.c
warning: 25768	1508	Implicit conversion of int to ptr	Controller_driver.c
warning: 25785	1508	Implicit conversion of int to ptr	Controller_driver.c
warning: 25806	1508	Implicit conversion of int to ptr	Controller_driver.c
warning: 25829	1508	Implicit conversion of int to ptr	Controller_driver.c
warning: 25845	1508	Implicit conversion of int to ptr	Controller_driver.c
warning: 25861	1508	Implicit conversion of int to ptr	Controller_driver.c
warning: 25877	1508	Implicit conversion of int to ptr	Controller_driver.c
warning: 25893	1508	Implicit conversion of int to ptr	Controller_driver.c
warning: 25909	1508	Implicit conversion of int to ptr	Controller_driver.c
warning: 25925	1508	Implicit conversion of int to ptr	Controller_driver.c
warning: 25941	1508	Implicit conversion of int to ptr	Controller_driver.c
warning: 25957	1508	Implicit conversion of int to ptr	Controller_driver.c
warning: 25973	1508	Implicit conversion of int to ptr	Controller_driver.c
warning: 25989	1508	Implicit conversion of int to ptr	Controller_driver.c
warning: 26005	1508	Implicit conversion of int to ptr	Controller_driver.c
warning: 26021	1508	Implicit conversion of int to ptr	Controller_driver.c
warning: 26037	1508	Implicit conversion of int to ptr	Controller_driver.c
warning: 26054	1508	Implicit conversion of int to ptr	Controller_driver.c
warning: 26076	1508	Implicit conversion of int to ptr	Controller_driver.c
warning: 26106	1508	Implicit conversion of int to ptr	Controller_driver.c
warning: 26130	1508	Implicit conversion of int to ptr	Controller_driver.c
warning: 26147	1508	Implicit conversion of int to ptr	Controller_driver.c
warning: 26169	1508	Implicit conversion of int to ptr	Controller_driver.c
warning: 26199	1508	Implicit conversion of int to ptr	Controller_driver.c
warning: 26229	1508	Implicit conversion of int to ptr	Controller_driver.c
warning: 26254	1508	Implicit conversion of int to ptr	Controller_driver.c
warning: 26271	1508	Implicit conversion of int to ptr	Controller_driver.c
warning: 26293	1508	Implicit conversion of int to ptr	Controller_driver.c
warning: 26318	1508	Implicit conversion of int to ptr	Controller_driver.c
warning: 26340	1508	Implicit conversion of int to ptr	Controller_driver.c
warning: 26365	1508	Implicit conversion of int to ptr	Controller_driver.c
warning: 26382	1508	Implicit conversion of int to ptr	Controller_driver.c
warning: 26404	1508	Implicit conversion of int to ptr	Controller_driver.c
warning: 26429	1508	Implicit conversion of int to ptr	Controller_driver.c
warning: 26451	1508	Implicit conversion of int to ptr	Controller_driver.c
warning: 26476	1508	Implicit conversion of int to ptr	Controller_driver.c
warning: 26493	1508	Implicit conversion of int to ptr	Controller_driver.c
warning: 26515	1508	Implicit conversion of int to ptr	Controller_driver.c
warning: 26540	1508	Implicit conversion of int to ptr	Controller_driver.c
warning: 26562	1508	Implicit conversion of int to ptr	Controller_driver.c
warning: 26587	1508	Implicit conversion of int to ptr	Controller_driver.c
warning: 26604	1508	Implicit conversion of int to ptr	Controller_driver.c
warning: 26626	1508	Implicit conversion of int to ptr	Controller_driver.c
warning: 26651	1508	Implicit conversion of int to ptr	Controller_driver.c
warning: 26668	1508	Implicit conversion of int to ptr	Controller_driver.c
warning: 26684	1508	Implicit conversion of int to ptr	Controller_driver.c
warning: 26700	1508	Implicit conversion of int to ptr	Controller_driver.c
warning: 26716	1508	Implicit conversion of int to ptr	Controller_driver.c
warning: 26732	1508	Implicit conversion of int to ptr	Controller_driver.c
warning: 26748	1508	Implicit conversion of int to ptr	Controller_driver.c
warning: 26764	1508	Implicit conversion of int to ptr	Controller_driver.c
warning: 26786	1508	Implicit conversion of int to ptr	Controller_driver.c
warning: 26810	1508	Implicit conversion of int to ptr	Controller_driver.c
warning: 26826	1508	Implicit conversion of int to ptr	Controller_driver.c
warning: 26842	1508	Implicit conversion of int to ptr	Controller_driver.c
warning: 26858	1508	Implicit conversion of int to ptr	Controller_driver.c
warning: 26874	1508	Implicit conversion of int to ptr	Controller_driver.c
warning: 26890	1508	Implicit conversion of int to ptr	Controller_driver.c
warning: 26912	1508	Implicit conversion of int to ptr	Controller_driver.c
warning: 26942	1508	Implicit conversion of int to ptr	Controller_driver.c
warning: 26972	1508	Implicit conversion of int to ptr	Controller_driver.c
warning: 27002	1508	Implicit conversion of int to ptr	Controller_driver.c
warning: 27032	1508	Implicit conversion of int to ptr	Controller_driver.c
warning: 27056	1508	Implicit conversion of int to ptr	Controller_driver.c
warning: 27072	1508	Implicit conversion of int to ptr	Controller_driver.c
warning: 27088	1508	Implicit conversion of int to ptr	Controller_driver.c
warning: 27104	1508	Implicit conversion of int to ptr	Controller_driver.c
warning: 27120	1508	Implicit conversion of int to ptr	Controller_driver.c
warning: 27136	1508	Implicit conversion of int to ptr	Controller_driver.c
warning: 27152	1508	Implicit conversion of int to ptr	Controller_driver.c
warning: 27168	1508	Implicit conversion of int to ptr	Controller_driver.c
warning: 27184	1508	Implicit conversion of int to ptr	Controller_driver.c
warning: 27200	1508	Implicit conversion of int to ptr	Controller_driver.c
warning: 27216	1508	Implicit conversion of int to ptr	Controller_driver.c
warning: 27232	1508	Implicit conversion of int to ptr	Controller_driver.c
warning: 27248	1508	Implicit conversion of int to ptr	Controller_driver.c
warning: 27270	1508	Implicit conversion of int to ptr	Controller_driver.c
warning: 27294	1508	Implicit conversion of int to ptr	Controller_driver.c
warning: 27310	1508	Implicit conversion of int to ptr	Controller_driver.c
warning: 27326	1508	Implicit conversion of int to ptr	Controller_driver.c
warning: 27343	1508	Implicit conversion of int to ptr	Controller_driver.c
warning: 27359	1508	Implicit conversion of int to ptr	Controller_driver.c
warning: 27375	1508	Implicit conversion of int to ptr	Controller_driver.c
warning: 27391	1508	Implicit conversion of int to ptr	Controller_driver.c
warning: 27407	1508	Implicit conversion of int to ptr	Controller_driver.c
warning: 27429	1508	Implicit conversion of int to ptr	Controller_driver.c
warning: 27483	1508	Implicit conversion of int to ptr	Controller_driver.c
warning: 27508	1508	Implicit conversion of int to ptr	Controller_driver.c
warning: 27524	1508	Implicit conversion of int to ptr	Controller_driver.c
warning: 27540	1508	Implicit conversion of int to ptr	Controller_driver.c
warning: 27556	1508	Implicit conversion of int to ptr	Controller_driver.c
warning: 27572	1508	Implicit conversion of int to ptr	Controller_driver.c
warning: 27588	1508	Implicit conversion of int to ptr	Controller_driver.c
warning: 27604	1508	Implicit conversion of int to ptr	Controller_driver.c
warning: 27620	1508	Implicit conversion of int to ptr	Controller_driver.c
warning: 27642	1508	Implicit conversion of int to ptr	Controller_driver.c
warning: 27672	1508	Implicit conversion of int to ptr	Controller_driver.c
warning: 27702	1508	Implicit conversion of int to ptr	Controller_driver.c
warning: 27726	1508	Implicit conversion of int to ptr	Controller_driver.c
warning: 27742	1508	Implicit conversion of int to ptr	Controller_driver.c
warning: 27758	1508	Implicit conversion of int to ptr	Controller_driver.c
warning: 27774	1508	Implicit conversion of int to ptr	Controller_driver.c
warning: 27790	1508	Implicit conversion of int to ptr	Controller_driver.c
warning: 27806	1508	Implicit conversion of int to ptr	Controller_driver.c
warning: 27828	1508	Implicit conversion of int to ptr	Controller_driver.c
warning: 27853	1508	Implicit conversion of int to ptr	Controller_driver.c
warning: 27874	1508	Implicit conversion of int to ptr	Controller_driver.c
warning: 27897	1508	Implicit conversion of int to ptr	Controller_driver.c
warning: 27913	1508	Implicit conversion of int to ptr	Controller_driver.c
warning: 27929	1508	Implicit conversion of int to ptr	Controller_driver.c
warning: 27945	1508	Implicit conversion of int to ptr	Controller_driver.c
warning: 27961	1508	Implicit conversion of int to ptr	Controller_driver.c
warning: 27977	1508	Implicit conversion of int to ptr	Controller_driver.c
warning: 27993	1508	Implicit conversion of int to ptr	Controller_driver.c
warning: 28009	1508	Implicit conversion of int to ptr	Controller_driver.c
warning: 28025	1508	Implicit conversion of int to ptr	Controller_driver.c
warning: 28047	1508	Implicit conversion of int to ptr	Controller_driver.c
warning: 28071	1508	Implicit conversion of int to ptr	Controller_driver.c
warning: 28087	1508	Implicit conversion of int to ptr	Controller_driver.c
warning: 28109	1508	Implicit conversion of int to ptr	Controller_driver.c
warning: 28139	1508	Implicit conversion of int to ptr	Controller_driver.c
warning: 28164	1508	Implicit conversion of int to ptr	Controller_driver.c
warning: 28180	1508	Implicit conversion of int to ptr	Controller_driver.c
warning: 28196	1508	Implicit conversion of int to ptr	Controller_driver.c
warning: 28212	1508	Implicit conversion of int to ptr	Controller_driver.c
warning: 28228	1508	Implicit conversion of int to ptr	Controller_driver.c
warning: 28244	1508	Implicit conversion of int to ptr	Controller_driver.c
warning: 28260	1508	Implicit conversion of int to ptr	Controller_driver.c
warning: 28276	1508	Implicit conversion of int to ptr	Controller_driver.c
warning: 28292	1508	Implicit conversion of int to ptr	Controller_driver.c
warning: 28308	1508	Implicit conversion of int to ptr	Controller_driver.c
warning: 28324	1508	Implicit conversion of int to ptr	Controller_driver.c
warning: 28340	1508	Implicit conversion of int to ptr	Controller_driver.c
warning: 28356	1508	Implicit conversion of int to ptr	Controller_driver.c
warning: 28372	1508	Implicit conversion of int to ptr	Controller_driver.c
warning: 28388	1508	Implicit conversion of int to ptr	Controller_driver.c
warning: 28404	1508	Implicit conversion of int to ptr	Controller_driver.c
warning: 28420	1508	Implicit conversion of int to ptr	Controller_driver.c
warning: 28436	1508	Implicit conversion of int to ptr	Controller_driver.c
warning: 28452	1508	Implicit conversion of int to ptr	Controller_driver.c
warning: 28468	1508	Implicit conversion of int to ptr	Controller_driver.c
warning: 28490	1508	Implicit conversion of int to ptr	Controller_driver.c
warning: 28520	1508	Implicit conversion of int to ptr	Controller_driver.c
warning: 28550	1508	Implicit conversion of int to ptr	Controller_driver.c
warning: 28574	1508	Implicit conversion of int to ptr	Controller_driver.c
warning: 28590	1508	Implicit conversion of int to ptr	Controller_driver.c
warning: 28606	1508	Implicit conversion of int to ptr	Controller_driver.c
warning: 28622	1508	Implicit conversion of int to ptr	Controller_driver.c
warning: 28638	1508	Implicit conversion of int to ptr	Controller_driver.c
warning: 28654	1508	Implicit conversion of int to ptr	Controller_driver.c
warning: 28670	1508	Implicit conversion of int to ptr	Controller_driver.c
warning: 28686	1508	Implicit conversion of int to ptr	Controller_driver.c
warning: 28702	1508	Implicit conversion of int to ptr	Controller_driver.c
warning: 28718	1508	Implicit conversion of int to ptr	Controller_driver.c
warning: 28734	1508	Implicit conversion of int to ptr	Controller_driver.c
warning: 28750	1508	Implicit conversion of int to ptr	Controller_driver.c
warning: 28766	1508	Implicit conversion of int to ptr	Controller_driver.c
warning: 28782	1508	Implicit conversion of int to ptr	Controller_driver.c
warning: 28798	1508	Implicit conversion of int to ptr	Controller_driver.c
warning: 28814	1508	Implicit conversion of int to ptr	Controller_driver.c
warning: 28830	1508	Implicit conversion of int to ptr	Controller_driver.c
warning: 28846	1508	Implicit conversion of int to ptr	Controller_driver.c
warning: 28868	1508	Implicit conversion of int to ptr	Controller_driver.c
warning: 28898	1508	Implicit conversion of int to ptr	Controller_driver.c
warning: 28928	1508	Implicit conversion of int to ptr	Controller_driver.c
warning: 28958	1508	Implicit conversion of int to ptr	Controller_driver.c
warning: 28988	1508	Implicit conversion of int to ptr	Controller_driver.c
warning: 29018	1508	Implicit conversion of int to ptr	Controller_driver.c
warning: 29043	1508	Implicit conversion of int to ptr	Controller_driver.c
warning: 29064	1508	Implicit conversion of int to ptr	Controller_driver.c
warning: 29114	1506	Implicit conversion of pointer to int	Controller_driver.c
warning: 29116	1506	Implicit conversion of pointer to int	Controller_driver.c
warning: 29153	1506	Implicit conversion of pointer to int	Controller_driver.c
warning: 29155	1506	Implicit conversion of pointer to int	Controller_driver.c
warning: 29178	1506	Implicit conversion of pointer to int	Controller_driver.c
warning: 29180	1506	Implicit conversion of pointer to int	Controller_driver.c
warning: 29187	1506	Implicit conversion of pointer to int	Controller_driver.c
warning: 29193	1506	Implicit conversion of pointer to int	Controller_driver.c
warning: 29232	1506	Implicit conversion of pointer to int	Controller_driver.c
warning: 29234	1506	Implicit conversion of pointer to int	Controller_driver.c
warning: 29330	1506	Implicit conversion of pointer to int	Controller_driver.c
hint: 29441	1354	argument may be out of range [sector_action]	Controller_driver.c
warning: 29449	1506	Implicit conversion of pointer to int	Controller_driver.c
hint: 29575	1163	Variable 'save_bled_direction' has been declared, but not used	Controller_driver.c
diagnostics: 30428	123	Compiled Successfully	Controller_driver.c
hint: 29297	1164	Variable 'red_current' has been eliminated by optimizer	Controller_driver.c
hint: 29298	1164	Variable 'green_current' has been eliminated by optimizer	Controller_driver.c
hint: 29299	1164	Variable 'blue_current' has been eliminated by optimizer	Controller_driver.c
hint: 29340	1164	Variable 'endcolor' has been eliminated by optimizer	Controller_driver.c
hint: 29339	1164	Variable 'cnt' has been eliminated by optimizer	Controller_driver.c
hint: 29483	1164	Variable '_tmpI' has been eliminated by optimizer	Controller_driver.c
hint: 29483	1164	Variable '_tmpII' has been eliminated by optimizer	Controller_driver.c
diagnostics: 0	122	Compilation Started	Controller_resources.c
diagnostics: 186	123	Compiled Successfully	Controller_resources.c
diagnostics: 0	122	Compilation Started	controller_objects.h
hint: 49	1354	argument may be out of range [adress]	modbus.c
hint: 59	1354	argument may be out of range [adress]	modbus.c
warning: 89	1505	Suspicious pointer conversion	modbus.c
hint: 170	1163	Variable 'txt' has been declared, but not used	modbus.c
hint: 158	1163	Variable 'txt' has been declared, but not used	modbus.c
diagnostics: 235	123	Compiled Successfully	modbus.c
hint: 120	1164	Variable 'no_of_bytes' has been eliminated by optimizer	modbus.c
hint: 160	1164	Variable 'calculated_crc' has been eliminated by optimizer	modbus.c
hint: 154	1164	Variable 'no_of_bytes' has been eliminated by optimizer	modbus.c
hint: 215	1164	Variable 'temp2' has been eliminated by optimizer	modbus.c
hint: 215	1164	Variable 'flag' has been eliminated by optimizer	modbus.c
diagnostics: 0	122	Compilation Started	stdint.h
hint: 0	1004	interrupt handler (SysTick_interrupt at 0x000F)	Systick.c
diagnostics: 22	123	Compiled Successfully	Systick.c
diagnostics: 0	122	Compilation Started	controller_objects.h
warning: 291	1503	Result is not defined in function: 'RTC_SetDate'	InternalRTC.c
diagnostics: 465	123	Compiled Successfully	InternalRTC.c
hint: 242	1164	Variable 'Func_Status' has been eliminated by optimizer	InternalRTC.c
hint: 304	1164	Variable 'Temp_float' has been eliminated by optimizer	InternalRTC.c
diagnostics: 0	122	Compilation Started	controller_objects.h
diagnostics: 73	123	Compiled Successfully	DataConvertor.c
hint: 54	1164	Variable 'mid' has been eliminated by optimizer	DataConvertor.c
diagnostics: 0	122	Compilation Started	controller_objects.h
hint: 11	1163	Variable 'convert_temp' has been declared, but not used	Pages.c
hint: 12	1163	Variable 'state_mod' has been declared, but not used	Pages.c
hint: 13	1163	Variable 'state_switch' has been declared, but not used	Pages.c
warning: 76	1508	Implicit conversion of int to ptr	Pages.c
warning: 77	1508	Implicit conversion of int to ptr	Pages.c
hint: 90	1163	Variable 'convert_temp' has been declared, but not used	Pages.c
hint: 135	1163	Variable 'txt_float' has been declared, but not used	Pages.c
hint: 296	1163	Variable 'convert_temp' has been declared, but not used	Pages.c
diagnostics: 338	123	Compiled Successfully	Pages.c
diagnostics: 0	122	Compilation Started	stdint.h
hint: 38	1163	Variable 'convert_press' has been declared, but not used	Gauge.c
hint: 92	1163	Variable 'convert_press' has been declared, but not used	Gauge.c
diagnostics: 140	123	Compiled Successfully	Gauge.c
diagnostics: 0	122	Compilation Started	controller_objects.h
diagnostics: 165	123	Compiled Successfully	Errors.c
diagnostics: 0	127	All files Compiled in 110578 ms	 
hint: 0	1144	Used RX: 16 (100%)   Free RX: 0 (0%)	Used RX: 16 (100%)   Free RX: 0 (0%)
hint: 0	1144	Static RAM (bytes): 68955   Dynamic RAM (bytes): 62113	Static RAM (bytes): 68955   Dynamic RAM (bytes): 62113
hint: 0	1144	Used ROM (bytes): 347803 (33%)  Free ROM (bytes): 700773 (67%)	Used ROM (bytes): 347803 (33%)  Free ROM (bytes): 700773 (67%)
diagnostics: 0	125	Project Linked Successfully	Controller.mcpar
diagnostics: 0	128	Linked in 1875 ms	 
diagnostics: 0	129	Project 'Controller.mcpar' completed: 113985 ms	 
diagnostics: 0	103	Finished successfully: 18  2018, 11:31:29	Controller.mcpar
